app/build/outputs/logs/manifest-merger-debug-report.txt
-- Merging decision tree log ---
manifest
ADDED from src\main\AndroidManifest.xml:2:1-59:12
	package
		ADDED from src\main\AndroidManifest.xml:3:5-52
		INJECTED from src\main\AndroidManifest.xml
		INJECTED from src\main\AndroidManifest.xml
	android:versionName
		ADDED from src\main\AndroidManifest.xml:5:5-30
		INJECTED from src\main\AndroidManifest.xml
		INJECTED from src\main\AndroidManifest.xml
	android:versionCode
		ADDED from src\main\AndroidManifest.xml:4:5-28
		INJECTED from src\main\AndroidManifest.xml
		INJECTED from src\main\AndroidManifest.xml
	xmlns:android
		ADDED from src\main\AndroidManifest.xml:2:11-69
uses-sdk
ADDED from src\main\AndroidManifest.xml:7:5-9:41
MERGED from [com.android.support:design:25.2.0] AndroidManifest.xml:21:5-23:62
MERGED from [com.android.support:appcompat-v7:25.2.0] AndroidManifest.xml:21:5-23:78
MERGED from [com.android.support:animated-vector-drawable:25.2.0] AndroidManifest.xml:20:5-44
MERGED from [com.android.support:support-vector-drawable:25.2.0] AndroidManifest.xml:21:5-43
MERGED from [com.android.support:recyclerview-v7:25.2.0] AndroidManifest.xml:20:5-43
MERGED from [com.android.support:transition:25.2.0] AndroidManifest.xml:20:5-44
MERGED from [com.mcxiaoke.volley:library-aar:1.0.0] AndroidManifest.xml:3:5-72
MERGED from [com.jjoe64:graphview:4.2.1] AndroidManifest.xml:7:5-9:41
MERGED from [com.android.support:support-v4:25.2.0] AndroidManifest.xml:21:5-23:54
MERGED from [com.android.support:support-fragment:25.2.0] AndroidManifest.xml:21:5-23:60
MERGED from [com.android.support:support-media-compat:25.2.0] AndroidManifest.xml:21:5-23:63
MERGED from [com.android.support:support-core-ui:25.2.0] AndroidManifest.xml:21:5-23:58
MERGED from [com.android.support:support-core-utils:25.2.0] AndroidManifest.xml:21:5-23:61
MERGED from [com.android.support:support-compat:25.2.0] AndroidManifest.xml:21:5-23:58
	tools:overrideLibrary
		ADDED from [com.android.support:design:25.2.0] AndroidManifest.xml:23:9-59
	android:targetSdkVersion
		ADDED from src\main\AndroidManifest.xml:9:9-38
		INJECTED from src\main\AndroidManifest.xml
		INJECTED from src\main\AndroidManifest.xml
	android:minSdkVersion
		ADDED from src\main\AndroidManifest.xml:8:9-34
		INJECTED from src\main\AndroidManifest.xml
		INJECTED from src\main\AndroidManifest.xml
uses-permission#android.permission.INTERNET
ADDED from src\main\AndroidManifest.xml:11:5-67
	android:name
		ADDED from src\main\AndroidManifest.xml:11:22-64
android:uses-permission#android.permission.WRITE_EXTERNAL_STORAGE
ADDED from src\main\AndroidManifest.xml:13:5-89
	android:name
		ADDED from src\main\AndroidManifest.xml:13:30-86
android:uses-permission#android.permission.READ_PHONE_STATE
ADDED from src\main\AndroidManifest.xml:14:5-83
	android:name
		ADDED from src\main\AndroidManifest.xml:14:30-80
android:uses-permission#android.permission.READ_EXTERNAL_STORAGE
ADDED from src\main\AndroidManifest.xml:15:5-88
	android:name
		ADDED from src\main\AndroidManifest.xml:15:30-85
application
ADDED from src\main\AndroidManifest.xml:17:5-57:19
MERGED from [com.android.support:design:25.2.0] AndroidManifest.xml:25:5-20
MERGED from [com.android.support:appcompat-v7:25.2.0] AndroidManifest.xml:25:5-20
MERGED from [com.android.support:animated-vector-drawable:25.2.0] AndroidManifest.xml:22:5-20
MERGED from [com.android.support:support-vector-drawable:25.2.0] AndroidManifest.xml:23:5-20
MERGED from [com.android.support:transition:25.2.0] AndroidManifest.xml:22:5-20
MERGED from [com.mcxiaoke.volley:library-aar:1.0.0] AndroidManifest.xml:5:5-19
MERGED from [com.jjoe64:graphview:4.2.1] AndroidManifest.xml:11:5-12:19
MERGED from [com.android.support:support-v4:25.2.0] AndroidManifest.xml:25:5-20
MERGED from [com.android.support:support-fragment:25.2.0] AndroidManifest.xml:25:5-20
MERGED from [com.android.support:support-media-compat:25.2.0] AndroidManifest.xml:25:5-20
MERGED from [com.android.support:support-core-ui:25.2.0] AndroidManifest.xml:25:5-20
MERGED from [com.android.support:support-core-utils:25.2.0] AndroidManifest.xml:25:5-20
MERGED from [com.android.support:support-compat:25.2.0] AndroidManifest.xml:25:5-20
	android:label
		ADDED from src\main\AndroidManifest.xml:20:9-41
	android:allowBackup
		ADDED from src\main\AndroidManifest.xml:19:9-35
	android:theme
		ADDED from src\main\AndroidManifest.xml:21:9-40
	android:name
		ADDED from src\main\AndroidManifest.xml:18:9-52
activity#com.trener.activity.LoginActivity
ADDED from src\main\AndroidManifest.xml:22:9-26:55
	android:label
		ADDED from src\main\AndroidManifest.xml:24:13-45
	android:launchMode
		ADDED from src\main\AndroidManifest.xml:25:13-43
	android:windowSoftInputMode
		ADDED from src\main\AndroidManifest.xml:26:13-52
	android:name
		ADDED from src\main\AndroidManifest.xml:23:13-61
activity#com.trener.activity.RegisterActivity
ADDED from src\main\AndroidManifest.xml:27:9-31:55
	android:label
		ADDED from src\main\AndroidManifest.xml:29:13-45
	android:launchMode
		ADDED from src\main\AndroidManifest.xml:30:13-43
	android:windowSoftInputMode
		ADDED from src\main\AndroidManifest.xml:31:13-52
	android:name
		ADDED from src\main\AndroidManifest.xml:28:13-64
activity#com.trener.activity.MainActivity
ADDED from src\main\AndroidManifest.xml:32:9-41:20
	android:label
		ADDED from src\main\AndroidManifest.xml:34:13-45
	android:launchMode
		ADDED from src\main\AndroidManifest.xml:35:13-43
	android:name
		ADDED from src\main\AndroidManifest.xml:33:13-60
intent-filter#android.intent.action.MAIN+android.intent.category.LAUNCHER
ADDED from src\main\AndroidManifest.xml:36:13-40:29
action#android.intent.action.MAIN
ADDED from src\main\AndroidManifest.xml:37:17-69
	android:name
		ADDED from src\main\AndroidManifest.xml:37:25-66
category#android.intent.category.LAUNCHER
ADDED from src\main\AndroidManifest.xml:39:17-77
	android:name
		ADDED from src\main\AndroidManifest.xml:39:27-74
activity#com.trener.activity.DodajCwiczenieActivity
ADDED from src\main\AndroidManifest.xml:42:9-79
	android:name
		ADDED from src\main\AndroidManifest.xml:42:19-76
activity#com.trener.activity.CwiczeniaActivity
ADDED from src\main\AndroidManifest.xml:43:9-74
	android:name
		ADDED from src\main\AndroidManifest.xml:43:19-71
activity#com.trener.activity.CwiczenieOpisActivity
ADDED from src\main\AndroidManifest.xml:44:9-78
	android:name
		ADDED from src\main\AndroidManifest.xml:44:19-75
activity#com.trener.activity.EdytujActivity
ADDED from src\main\AndroidManifest.xml:45:9-71
	android:name
		ADDED from src\main\AndroidManifest.xml:45:19-68
activity#com.trener.activity.ZaplanujCwiczenieActivity
ADDED from src\main\AndroidManifest.xml:46:9-82
	android:name
		ADDED from src\main\AndroidManifest.xml:46:19-79
activity#com.trener.activity.CwiczeniaTreningActivity
ADDED from src\main\AndroidManifest.xml:47:9-81
	android:name
		ADDED from src\main\AndroidManifest.xml:47:19-78
activity#com.trener.activity.CwiczeniePlanowanieActivity
ADDED from src\main\AndroidManifest.xml:48:9-84
	android:name
		ADDED from src\main\AndroidManifest.xml:48:19-81
activity#com.trener.activity.TreningiActivity
ADDED from src\main\AndroidManifest.xml:49:9-73
	android:name
		ADDED from src\main\AndroidManifest.xml:49:19-70
activity#com.trener.activity.TreningCwiczeniaActivity
ADDED from src\main\AndroidManifest.xml:50:9-81
	android:name
		ADDED from src\main\AndroidManifest.xml:50:19-78
activity#com.trener.activity.TreningWyborActivity
ADDED from src\main\AndroidManifest.xml:51:9-77
	android:name
		ADDED from src\main\AndroidManifest.xml:51:19-74
activity#com.trener.activity.TreningWykonanieActivity
ADDED from src\main\AndroidManifest.xml:52:9-81
	android:name
		ADDED from src\main\AndroidManifest.xml:52:19-78
activity#com.trener.activity.TreningCwiczenieWyborActivity
ADDED from src\main\AndroidManifest.xml:53:9-86
	android:name
		ADDED from src\main\AndroidManifest.xml:53:19-83
activity#com.trener.activity.TreningiWykonaneActivity
ADDED from src\main\AndroidManifest.xml:54:9-81
	android:name
		ADDED from src\main\AndroidManifest.xml:54:19-78
activity#com.trener.activity.TreningRaportActivity
ADDED from src\main\AndroidManifest.xml:55:9-78
	android:name
		ADDED from src\main\AndroidManifest.xml:55:19-75
activity#com.trener.activity.TreningiWykonaneCwiczeniaActivity
ADDED from src\main\AndroidManifest.xml:56:9-99
	android:name
		ADDED from src\main\AndroidManifest.xml:56:19-87